<?xml version="1.0" encoding="UTF-8"?>
<!-- Generated by org.testng.reporters.JUnitXMLReporter -->
<testsuite hostname="BOG06PROVL01.local" ignored="0" name="Default test(failed)(failed)(failed)" tests="1" failures="1" timestamp="05 jun 2018 17:43:18 GMT" time="0.941" errors="0">
  <testcase name="TestReportsApiBodyAsJavaObject" time="0.455" classname="regression.test.api.rest.TestReportsApiBodyAsJavaObject">
    <failure type="java.lang.IllegalStateException" message="Cannot serialize object because no JSON serializer found in classpath. Please put either Jackson (Databind) or Gson in the classpath.">
      <![CDATA[java.lang.IllegalStateException: Cannot serialize object because no JSON serializer found in classpath. Please put either Jackson (Databind) or Gson in the classpath.
at org.codehaus.groovy.runtime.callsite.ConstructorSite$ConstructorSiteNoUnwrapNoCoerce.callConstructor(ConstructorSite.java:105)
at org.codehaus.groovy.runtime.callsite.CallSiteArray.defaultCallConstructor(CallSiteArray.java:60)
at org.codehaus.groovy.runtime.callsite.AbstractCallSite.callConstructor(AbstractCallSite.java:235)
at org.codehaus.groovy.runtime.callsite.AbstractCallSite.callConstructor(AbstractCallSite.java:247)
at io.restassured.internal.mapping.ObjectMapping.serialize(ObjectMapping.groovy:138)
at io.restassured.internal.mapping.ObjectMapping$serialize.call(Unknown Source)
at org.codehaus.groovy.runtime.callsite.CallSiteArray.defaultCall(CallSiteArray.java:48)
at org.codehaus.groovy.runtime.callsite.AbstractCallSite.call(AbstractCallSite.java:113)
at io.restassured.internal.RequestSpecificationImpl.body(RequestSpecificationImpl.groovy:831)
at regression.test.api.rest.TestReportsApiBodyAsJavaObject.TestReportsApiBodyAsJavaObject(TestReportsApiBodyAsJavaObject.java:50)
... Removed 30 stack frames]]>
    </failure>
  </testcase> <!-- TestReportsApiBodyAsJavaObject -->
</testsuite> <!-- Default test(failed)(failed)(failed) -->
