<?xml version="1.0" encoding="UTF-8"?>
<testng-results skipped="0" failed="0" ignored="1" total="2" passed="1">
  <reporter-output>
  </reporter-output>
  <suite name="Default suite" duration-ms="3154" started-at="2018-06-05T18:29:06Z" finished-at="2018-06-05T18:29:09Z">
    <groups>
    </groups>
    <test name="Default test" duration-ms="3154" started-at="2018-06-05T18:29:06Z" finished-at="2018-06-05T18:29:09Z">
      <class name="regression.test.api.rest.TestReportsApiBodyAsJavaObject">
        <test-method status="PASS" signature="SetUp()[pri:0, instance:regression.test.api.rest.TestReportsApiBodyAsJavaObject@77caeb3e]" name="SetUp" is-config="true" duration-ms="432" started-at="2018-06-05T18:29:06Z" finished-at="2018-06-05T18:29:06Z">
          <reporter-output>
          </reporter-output>
        </test-method> <!-- SetUp -->
        <test-method status="PASS" signature="TestReportsApiBodyAsJavaObjectJson()[pri:0, instance:regression.test.api.rest.TestReportsApiBodyAsJavaObject@77caeb3e]" name="TestReportsApiBodyAsJavaObjectJson" duration-ms="2686" started-at="2018-06-05T18:29:06Z" finished-at="2018-06-05T18:29:09Z">
          <reporter-output>
          </reporter-output>
        </test-method> <!-- TestReportsApiBodyAsJavaObjectJson -->
      </class> <!-- regression.test.api.rest.TestReportsApiBodyAsJavaObject -->
    </test> <!-- Default test -->
  </suite> <!-- Default suite -->
</testng-results>
