<?xml version="1.0" encoding="UTF-8"?>
<!-- Generated by org.testng.reporters.JUnitXMLReporter -->
<testsuite hostname="BOG06PROVL01.local" ignored="1" name="Default test(failed)" tests="1" failures="0" timestamp="05 jun 2018 18:28:58 GMT" time="3.185" errors="0">
  <testcase name="TestReportsApiBodyAsJavaObjectXml" time="2.633" classname="regression.test.api.rest.TestReportsApiBodyAsJavaObject"/>
  <testcase name="TestReportsApiBodyAsJavaObjectJson" time="0.0" classname="regression.test.api.rest.TestReportsApiBodyAsJavaObject">
    <ignored/>
  </testcase> <!-- TestReportsApiBodyAsJavaObjectJson -->
</testsuite> <!-- Default test(failed) -->
