<?xml version="1.0" encoding="UTF-8"?>
<!-- Generated by org.testng.reporters.JUnitXMLReporter -->
<testsuite hostname="BOG06PROVL01.local" ignored="1" name="Default test" tests="1" failures="0" timestamp="05 jun 2018 18:29:09 GMT" time="3.154" errors="0">
  <testcase name="TestReportsApiBodyAsJavaObjectJson" time="2.686" classname="regression.test.api.rest.TestReportsApiBodyAsJavaObject"/>
  <testcase name="TestReportsApiBodyAsJavaObjectXml" time="0.0" classname="regression.test.api.rest.TestReportsApiBodyAsJavaObject">
    <ignored/>
  </testcase> <!-- TestReportsApiBodyAsJavaObjectXml -->
</testsuite> <!-- Default test -->
